
ROM used:   5088/65536 (8%)
            65536/65536 (100%) including unused fragments

            2.1 Average locations per line
            13.9 Average locations per statement

RAM used:   26/3896 (1%) at main() level
            101/3896 (3%) worst case

Stack used: 6 worst case (6 in main + 0 for interrupts)
Stack size: 31

Lines Stmts  %   Files
----- ----- ---  -----
   69    27   7  fan-control.c
   13     0   0  pic18F26K22_SSD1306.h
 1010     0   0  C:\Program Files (x86)\PICC\Devices\18F26K22.h
   36     0   0  Global.c
   34    12   3  setUpDisplay.c
  435   129  35  C:\Program Files (x86)\PICC\Drivers\string.h
   32     0   0  C:\Program Files (x86)\PICC\Drivers\stddef.h
   28     0   0  C:\Program Files (x86)\PICC\Drivers\ctype.h
  679   154  42  ssd1306.h
  134    45  12  Utility.c
----- -----
 2470   367 Total

Page ROM  %  RAM    Vol Diff  Functions:
---- --- --- ---    --- ----  ----------
0     30   0    7             @READ_PROGRAM_MEMORY
0     38   0    1             @delay_ms1
0     28   0    1             @I2C_WRITEU_1
0     52   1    5    140  5.0  strlen
0     80   1    5    230  5.0  OLED_commands
0     56   1    5    228  5.5  OLED_data
0     68   1    3    277  3.9  OLED_address
0     78   1    6    307  6.7  OLED_gotoxy
0     78   1    2    419  4.9  OLED_CLS
0     26   0    6    108  5.0  invert
0    796   8   35   3750  8.1  FONT_line
0    160   2    8    629 11.0  OLED_text
0     82   1    2    352  4.6  OLED_putc
0    104   1   13    518  8.5  OLED_textbar
0    122   1   17    395  3.7  displayInitialization
0     32   0    0             @const868
0      6   0    0             @const869
0     34   0    2             @PSTRINGC_860
0      4   0    0             @const875
0      4   0    0             @const877
0    180   2    9    299  3.7  view
0     10   0    0             @const881
0    242   2   11             @MULFF
0     64   1    5             @FTOSD
0    142   1   13             @DIV3232
0    376   4   13             @PRINTF_L32D_860FPFPF
0     32   0    3             @PSTRINGCN_860
0    348   3   14             @DIVFF
0     56   1    4             @SFTOI
0    426   4   17    992  6.0  viewThreshold
0     54   1    2             @ITOF
0     18   0    0             @const908
0     38   0    1     84  2.0  temperatureReading
0    420   4   14    752  5.6  MAIN
0    120   1   10             @FLT
 Inline         0             @cinit1

Program metrics:
    Functions               16
    Statements              367
    Comments                810
    Volume (V)              14723
    Difficulty (D)          85.9
    Effort to implement (E) 1264598
    Time to implement (T)   19 hours, 31 minutes
    Est Delivered Bugs (B)  4
    Cyclomatic Complexity   39
    Maintainability (MI)    34

 Segment     Used  Free
-----------  ----  ----
00000-00002     4  0  
00004-0FD56  4404  60448  
0FD58-0FFFE   680  0  



